<?xml version="1.0" encoding="UTF-8"?>
<testsuite xmlns:xsi="http://www.w3.org/2001/XMLSchema-instance" xsi:noNamespaceSchemaLocation="https://maven.apache.org/surefire/maven-surefire-plugin/xsd/surefire-test-report.xsd" name="com.abdelmounaim.AppTest" time="0.05" tests="1" errors="0" skipped="0" failures="0">
  <properties>
    <property name="java.specification.version" value="17"/>
    <property name="sun.jnu.encoding" value="UTF-8"/>
    <property name="java.class.path" value="/home/abdelmounaim/Desktop/Ensa_cursus/IID/advanced_java/design_patterns_resume/sonar/target/test-classes:/home/abdelmounaim/Desktop/Ensa_cursus/IID/advanced_java/design_patterns_resume/sonar/target/classes:/home/abdelmounaim/.m2/repository/junit/junit/4.11/junit-4.11.jar:/home/abdelmounaim/.m2/repository/org/hamcrest/hamcrest-core/1.3/hamcrest-core-1.3.jar:"/>
    <property name="java.vm.vendor" value="Ubuntu"/>
    <property name="sun.arch.data.model" value="64"/>
    <property name="java.vendor.url" value="https://ubuntu.com/"/>
    <property name="os.name" value="Linux"/>
    <property name="java.vm.specification.version" value="17"/>
    <property name="sun.java.launcher" value="SUN_STANDARD"/>
    <property name="user.country" value="US"/>
    <property name="sun.boot.library.path" value="/usr/lib/jvm/java-17-openjdk-amd64/lib"/>
    <property name="sun.java.command" value="/home/abdelmounaim/Desktop/Ensa_cursus/IID/advanced_java/design_patterns_resume/sonar/target/surefire/surefirebooter6078923116971836822.jar /home/abdelmounaim/Desktop/Ensa_cursus/IID/advanced_java/design_patterns_resume/sonar/target/surefire 2024-11-27T13-49-08_321-jvmRun1 surefire906757631180941978tmp surefire_0617900026825699055tmp"/>
    <property name="jdk.debug" value="release"/>
    <property name="surefire.test.class.path" value="/home/abdelmounaim/Desktop/Ensa_cursus/IID/advanced_java/design_patterns_resume/sonar/target/test-classes:/home/abdelmounaim/Desktop/Ensa_cursus/IID/advanced_java/design_patterns_resume/sonar/target/classes:/home/abdelmounaim/.m2/repository/junit/junit/4.11/junit-4.11.jar:/home/abdelmounaim/.m2/repository/org/hamcrest/hamcrest-core/1.3/hamcrest-core-1.3.jar:"/>
    <property name="sun.cpu.endian" value="little"/>
    <property name="user.home" value="/home/abdelmounaim"/>
    <property name="user.language" value="en"/>
    <property name="java.specification.vendor" value="Oracle Corporation"/>
    <property name="java.version.date" value="2024-07-16"/>
    <property name="java.home" value="/usr/lib/jvm/java-17-openjdk-amd64"/>
    <property name="file.separator" value="/"/>
    <property name="basedir" value="/home/abdelmounaim/Desktop/Ensa_cursus/IID/advanced_java/design_patterns_resume/sonar"/>
    <property name="java.vm.compressedOopsMode" value="Zero based"/>
    <property name="line.separator" value="&#10;"/>
    <property name="java.vm.specification.vendor" value="Oracle Corporation"/>
    <property name="java.specification.name" value="Java Platform API Specification"/>
    <property name="surefire.real.class.path" value="/home/abdelmounaim/Desktop/Ensa_cursus/IID/advanced_java/design_patterns_resume/sonar/target/surefire/surefirebooter6078923116971836822.jar"/>
    <property name="sun.management.compiler" value="HotSpot 64-Bit Tiered Compilers"/>
    <property name="java.runtime.version" value="17.0.12+7-Ubuntu-1ubuntu222.04"/>
    <property name="user.name" value="abdelmounaim"/>
    <property name="path.separator" value=":"/>
    <property name="os.version" value="6.8.0-1014-oracle"/>
    <property name="java.runtime.name" value="OpenJDK Runtime Environment"/>
    <property name="file.encoding" value="UTF-8"/>
    <property name="java.vm.name" value="OpenJDK 64-Bit Server VM"/>
    <property name="localRepository" value="/home/abdelmounaim/.m2/repository"/>
    <property name="java.vendor.url.bug" value="https://bugs.launchpad.net/ubuntu/+source/openjdk-17"/>
    <property name="java.io.tmpdir" value="/tmp"/>
    <property name="java.version" value="17.0.12"/>
    <property name="user.dir" value="/home/abdelmounaim/Desktop/Ensa_cursus/IID/advanced_java/design_patterns_resume/sonar"/>
    <property name="os.arch" value="amd64"/>
    <property name="java.vm.specification.name" value="Java Virtual Machine Specification"/>
    <property name="native.encoding" value="UTF-8"/>
    <property name="java.library.path" value="/usr/java/packages/lib:/usr/lib/x86_64-linux-gnu/jni:/lib/x86_64-linux-gnu:/usr/lib/x86_64-linux-gnu:/usr/lib/jni:/lib:/usr/lib"/>
    <property name="java.vm.info" value="mixed mode, sharing"/>
    <property name="java.vendor" value="Ubuntu"/>
    <property name="java.vm.version" value="17.0.12+7-Ubuntu-1ubuntu222.04"/>
    <property name="sun.io.unicode.encoding" value="UnicodeLittle"/>
    <property name="java.class.version" value="61.0"/>
  </properties>
  <testcase name="shouldAnswerWithTrue" classname="com.abdelmounaim.AppTest" time="0.002"/>
</testsuite>